
                            < M A T L A B (R) >
                  Copyright 1984-2020 The MathWorks, Inc.
                  R2020a (9.8.0.1323502) 64-bit (glnxa64)
                             February 25, 2020

 
To get started, type doc.
For product information, visit www.mathworks.com.
 
>> >> 
core_sizes =

  1x3 cell array

    {1x3 double}    {1x3 double}    {1x3 double}

>> >> >> >> >> >> >> >> >> >> Reading tensor finished!
>> The core size is: 
     1     2     2

The error is: 
    0.4327

The core size is: 
     2     2     2

The error is: 
    0.3721

The core size is: 
     3     3     3

The error is: 
    0.2929

>> >> 