The global dimensions of the tensor to be scaled or compressed
- Global dims = 512 512 512 

The global dimensions of the processor grid
- Grid dims = 4 2 2 

If true, automatically determine rank; otherwise, use the user-defined ranks
- Automatic rank determination = true

Used for automatic rank determination; the desired error rate
- SV Threshold = 0.001

List of filenames of raw data to be read
- Input file list = raw.txt

How to scale the tensor
- Scaling type = None

Which mode's hyperslices will be scaled
- Scale mode = 2

Threshold for standard deviation before we simply set it to 1
Used in StandardCentering scaling
- STD Threshold = 1e-09

If true, perform ST-HOSVD
- Perform STHOSVD = true

If true, use the old Gram algorithm; otherwise use the new one
- Use old Gram = false

Location of statistics file containing min, max, mean, and std of each hyperslice
- Stats file = stats.txt

If true, write the preprocessed data to a file
- Write preprocessed data = false

File containing a list of filenames to output the scaled data into
- Preprocessed output file list = pre.txt

If true, record the result of ST-HOSVD (the core tensor and all factors
- Write STHOSVD result = true

Directory location of ST-HOSVD output files
NOTE: Please ensure that this directory actually exists!
- STHOSVD directory = compressed_baryon_density

Base name of ST-HOSVD output files
- STHOSVD file prefix = sthosvd

Directory to place singular value files into
NOTE: Please ensure that this directory actually exists!
- SV directory = .

Base name for writing the singular value files
- SV file prefix = sv

Name of the CSV file holding the timing results
- Timing file = runtime.csv

If true, reconstruct an approximation of the original tensor after ST-HOSVD
- Reconstruct tensor = false

If true, print the parameters
- Print options = true


Creating process grid
Reading file /home1/07827/sunbaixi/data/512x512x512/baryon_density.dat
Time to read tensor: 10.4972 s
Local input tensor size: 128 256 256 , or 67.109 MB
Global input tensor size: 512 512 512 , or 1.0737 GB
Writing file stats.txt
Not scaling the tensor
Time to preprocess: 0.0070401
	AutoST-HOSVD::Tensor Norm: 1.9879e+38...
	AutoST-HOSVD::Relative Threshold: 1.3172e+70...
	AutoST-HOSVD::Starting Gram(0)...
		Gram(0)::Local Matmul time: 0.13001s
		Gram(0)::Pack time: 0s
		Gram(0)::All-to-all time: 0.067368s
		Gram(0)::Unpack time: 0.041653s
		Gram(0)::All-reduce time: 0.0088985s
	AutoST-HOSVD::Gram(0) time: 0.24887s
	AutoST-HOSVD::Starting Evecs(0)...
	AutoST-HOSVD::EVECS(0) time: 0.077128s
		Evecs(0)::Local EV time: 0.077128s
	AutoST-HOSVD::Starting TTM(0)...
	AutoST-HOSVD::TTM(0) time: 0.089244s
Local tensor size after STHOSVD iteration 0: 1 256 256 , or 524.29 KB
Global tensor size after STHOSVD iteration 0: 3 512 512 , or 6.2915 MB
	AutoST-HOSVD::Starting Gram(1)...
		Gram(1)::Local Matmul time: 0.0007136s
		Gram(1)::Pack time: 0.00089501s
		Gram(1)::All-to-all time: 0.00010076s
		Gram(1)::Unpack time: 3.2701e-05s
		Gram(1)::All-reduce time: 0.0043954s
	AutoST-HOSVD::Gram(1) time: 0.0062373s
	AutoST-HOSVD::Starting Evecs(1)...
	AutoST-HOSVD::EVECS(1) time: 0.042862s
		Evecs(1)::Local EV time: 0.042862s
	AutoST-HOSVD::Starting TTM(1)...
	AutoST-HOSVD::TTM(1) time: 0.023288s
Local tensor size after STHOSVD iteration 1: 1 2 256 , or 4.096 KB
Global tensor size after STHOSVD iteration 1: 3 3 512 , or 36.864 KB
	AutoST-HOSVD::Starting Gram(2)...
		Gram(2)::Local Matmul time: 0.0002026s
		Gram(2)::Pack time: 3.0447e-05s
		Gram(2)::All-to-all time: 1.0629e-05s
		Gram(2)::Unpack time: 0s
		Gram(2)::All-reduce time: 0.0042968s
	AutoST-HOSVD::Gram(2) time: 0.0046082s
	AutoST-HOSVD::Starting Evecs(2)...
	AutoST-HOSVD::EVECS(2) time: 0.040942s
		Evecs(2)::Local EV time: 0.040942s
	AutoST-HOSVD::Starting TTM(2)...
	AutoST-HOSVD::TTM(2) time: 0.0018424s
Local tensor size after STHOSVD iteration 2: 1 2 2 , or 32 bytes
Global tensor size after STHOSVD iteration 2: 3 3 3 , or 216 bytes


           Timing results for 16 MPI processes
Timer             Min          Max          Mean
--------------------------------------------------------
Gram(0)         : 2.48795e-01 2.48867e-01 2.48813e-01
 local multiply : 1.14929e-01 1.34141e-01 1.21528e-01
 all-reduce     : 4.68518e-03 2.37484e-02 1.72695e-02
 all-to-all     : 6.44381e-02 6.77272e-02 6.65868e-02
 unpacking      : 4.14066e-02 4.47906e-02 4.26001e-02
Eigensolve(0)   : 7.63911e-02 7.82758e-02 7.66877e-02
TTM(0)          : 8.80779e-02 8.99823e-02 8.95822e-02
 local multiply : 7.69467e-03 8.56623e-03 7.96850e-03
 packing        : 5.81646e-03 6.51936e-03 6.21975e-03
 reduce-scatter : 2.84818e-02 2.94230e-02 2.89688e-02

Gram(1)         : 6.23733e-03 6.62951e-03 6.44357e-03
 local multiply : 0.00000e+00 7.13601e-04 5.09364e-04
 all-reduce     : 4.09642e-03 5.90450e-03 4.85527e-03
 packing        : 0.00000e+00 1.45783e-03 7.12222e-04
 all-to-all     : 0.00000e+00 6.54849e-04 1.37971e-04
 unpacking      : 0.00000e+00 4.48110e-05 2.81114e-05
Eigensolve(1)   : 3.85179e-02 4.46927e-02 4.25081e-02
TTM(1)          : 8.99877e-04 2.78145e-02 1.84935e-02
 local multiply : 0.00000e+00 1.11253e-04 7.63283e-05
 packing        : 5.42000e-07 1.80550e-05 1.32367e-05
 reduce-scatter : 5.65000e-07 2.09592e-02 1.57088e-02

Gram(2)         : 4.57027e-03 2.58584e-02 9.89937e-03
 local multiply : 0.00000e+00 2.06997e-04 1.01430e-04
 all-reduce     : 3.69733e-03 2.51144e-02 9.40563e-03
 packing        : 0.00000e+00 3.04470e-05 1.42279e-05
 all-to-all     : 0.00000e+00 4.49920e-05 1.49631e-05
Eigensolve(2)   : 3.69772e-02 4.23095e-02 4.07982e-02
TTM(2)          : 3.82300e-04 5.95262e-03 2.04997e-03
 local multiply : 0.00000e+00 2.48700e-05 9.56994e-06
 packing        : 4.03000e-07 5.77000e-07 5.02188e-07
 reduce-scatter : 5.84000e-07 1.35890e-05 3.88969e-06

Total           : 5.35199e-01 5.35511e-01 5.35395e-01

Writing eigenvalues to ./sv_mode_0.txt
Writing eigenvalues to ./sv_mode_1.txt
Writing eigenvalues to ./sv_mode_2.txt
Norm of input tensor: 1.98786e+38
Norm of core tensor: 1.98786e+38
Error bound: 1.35862e-04
Writing file compressed_baryon_density/sthosvd_core.mpi
Writing file compressed_baryon_density/sthosvd_mat_0.mpi
Writing file compressed_baryon_density/sthosvd_mat_1.mpi
Writing file compressed_baryon_density/sthosvd_mat_2.mpi
Time to write factorization: 4.72953e-02 s
Maximum local memory usage: 2.01354e+02 MB
