The global dimensions of the tensor to be scaled or compressed
- Global dims = 512 512 512 

The global dimensions of the processor grid
- Grid dims = 4 4 2 

If true, automatically determine rank; otherwise, use the user-defined ranks
- Automatic rank determination = true

Used for automatic rank determination; the desired error rate
- SV Threshold = 0.01

List of filenames of raw data to be read
- Input file list = raw.txt

How to scale the tensor
- Scaling type = None

Which mode's hyperslices will be scaled
- Scale mode = 2

Threshold for standard deviation before we simply set it to 1
Used in StandardCentering scaling
- STD Threshold = 1e-09

If true, perform ST-HOSVD
- Perform STHOSVD = true

If true, use the old Gram algorithm; otherwise use the new one
- Use old Gram = false

Location of statistics file containing min, max, mean, and std of each hyperslice
- Stats file = stats.txt

If true, write the preprocessed data to a file
- Write preprocessed data = false

File containing a list of filenames to output the scaled data into
- Preprocessed output file list = pre.txt

If true, record the result of ST-HOSVD (the core tensor and all factors
- Write STHOSVD result = true

Directory location of ST-HOSVD output files
NOTE: Please ensure that this directory actually exists!
- STHOSVD directory = compressed_baryon_density

Base name of ST-HOSVD output files
- STHOSVD file prefix = sthosvd

Directory to place singular value files into
NOTE: Please ensure that this directory actually exists!
- SV directory = .

Base name for writing the singular value files
- SV file prefix = sv

Name of the CSV file holding the timing results
- Timing file = runtime.csv

If true, reconstruct an approximation of the original tensor after ST-HOSVD
- Reconstruct tensor = false

If true, print the parameters
- Print options = true


Creating process grid
Reading file /home1/07827/sunbaixi/data/512x512x512/baryon_density.dat
Time to read tensor: 1.40941 s
Local input tensor size: 128 128 256 , or 33.554 MB
Global input tensor size: 512 512 512 , or 1.0737 GB
Writing file stats.txt
Not scaling the tensor
Time to preprocess: 0.01016
	AutoST-HOSVD::Tensor Norm: 1.9879e+38...
	AutoST-HOSVD::Relative Threshold: 1.3172e+72...
	AutoST-HOSVD::Starting Gram(0)...
		Gram(0)::Local Matmul time: 0.14679s
		Gram(0)::Pack time: 0s
		Gram(0)::All-to-all time: 0.026406s
		Gram(0)::Unpack time: 0.0415s
		Gram(0)::All-reduce time: 0.0083799s
	AutoST-HOSVD::Gram(0) time: 0.22462s
	AutoST-HOSVD::Starting Evecs(0)...
	AutoST-HOSVD::EVECS(0) time: 0.094154s
		Evecs(0)::Local EV time: 0.094154s
	AutoST-HOSVD::Starting TTM(0)...
	AutoST-HOSVD::TTM(0) time: 0.014409s
Local tensor size after STHOSVD iteration 0: 1 128 256 , or 262.14 KB
Global tensor size after STHOSVD iteration 0: 2 512 512 , or 4.1943 MB
	AutoST-HOSVD::Starting Gram(1)...
		Gram(1)::Local Matmul time: 0.00068611s
		Gram(1)::Pack time: 0.00044836s
		Gram(1)::All-to-all time: 0.00012134s
		Gram(1)::Unpack time: 1.697e-05s
		Gram(1)::All-reduce time: 0.0074586s
	AutoST-HOSVD::Gram(1) time: 0.0088326s
	AutoST-HOSVD::Starting Evecs(1)...
	AutoST-HOSVD::EVECS(1) time: 0.039481s
		Evecs(1)::Local EV time: 0.039481s
	AutoST-HOSVD::Starting TTM(1)...
	AutoST-HOSVD::TTM(1) time: 0.0044141s
Local tensor size after STHOSVD iteration 1: 1 1 256 , or 2.048 KB
Global tensor size after STHOSVD iteration 1: 2 2 512 , or 16.384 KB
	AutoST-HOSVD::Starting Gram(2)...
		Gram(2)::Local Matmul time: 0.00017955s
		Gram(2)::Pack time: 1.6114e-05s
		Gram(2)::All-to-all time: 3.463e-06s
		Gram(2)::Unpack time: 0s
		Gram(2)::All-reduce time: 0.0074845s
	AutoST-HOSVD::Gram(2) time: 0.0077787s
	AutoST-HOSVD::Starting Evecs(2)...
	AutoST-HOSVD::EVECS(2) time: 0.046134s
		Evecs(2)::Local EV time: 0.046134s
	AutoST-HOSVD::Starting TTM(2)...
	AutoST-HOSVD::TTM(2) time: 0.00070476s
Local tensor size after STHOSVD iteration 2: 1 1 1 , or 8 bytes
Global tensor size after STHOSVD iteration 2: 2 2 2 , or 64 bytes


           Timing results for 32 MPI processes
Timer             Min          Max          Mean
--------------------------------------------------------
Gram(0)         : 2.24557e-01 2.24620e-01 2.24588e-01
 local multiply : 8.53297e-02 1.49185e-01 1.23396e-01
 all-reduce     : 6.96105e-03 7.09803e-02 3.22750e-02
 all-to-all     : 2.59838e-02 2.73451e-02 2.66500e-02
 unpacking      : 3.95677e-02 4.20586e-02 4.09548e-02
Eigensolve(0)   : 9.37954e-02 9.52237e-02 9.40915e-02
TTM(0)          : 1.32937e-02 1.47686e-02 1.44012e-02
 local multiply : 4.98130e-03 5.43343e-03 5.22955e-03
 packing        : 2.55569e-03 2.83029e-03 2.62695e-03
 reduce-scatter : 2.84698e-03 3.48426e-03 3.17910e-03

Gram(1)         : 8.78004e-03 9.21683e-03 8.97957e-03
 local multiply : 0.00000e+00 6.86106e-04 2.78943e-04
 all-reduce     : 7.45863e-03 8.46367e-03 7.97906e-03
 packing        : 0.00000e+00 5.14605e-04 2.28821e-04
 all-to-all     : 0.00000e+00 3.52473e-04 1.00040e-04
 unpacking      : 0.00000e+00 2.15860e-05 9.55166e-06
Eigensolve(1)   : 3.58805e-02 4.15256e-02 3.91623e-02
TTM(1)          : 7.71849e-04 7.87529e-03 3.84735e-03
 local multiply : 0.00000e+00 7.87240e-05 3.18036e-05
 packing        : 4.82000e-07 4.33700e-05 1.60437e-05
 reduce-scatter : 5.00000e-07 1.98400e-03 9.36013e-04

Gram(2)         : 7.65809e-03 9.89225e-03 8.76967e-03
 local multiply : 0.00000e+00 2.38034e-04 2.69827e-05
 all-reduce     : 6.76615e-03 9.13513e-03 8.05437e-03
 packing        : 0.00000e+00 1.73810e-05 3.83947e-06
 all-to-all     : 0.00000e+00 5.46690e-05 3.65575e-06
Eigensolve(2)   : 3.96295e-02 4.61342e-02 4.30816e-02
TTM(2)          : 7.04758e-04 7.21773e-03 3.77773e-03
 local multiply : 0.00000e+00 6.23800e-06 1.34744e-06
 packing        : 3.84000e-07 7.28000e-07 5.55781e-07
 reduce-scatter : 4.35000e-07 4.40900e-06 1.43056e-06

Total           : 4.40728e-01 4.41027e-01 4.40797e-01

Writing eigenvalues to ./sv_mode_0.txt
Writing eigenvalues to ./sv_mode_1.txt
Writing eigenvalues to ./sv_mode_2.txt
Norm of input tensor: 1.98786e+38
Norm of core tensor: 1.98786e+38
Error bound: 2.94278e-03
Writing file compressed_baryon_density/sthosvd_core.mpi
Writing file compressed_baryon_density/sthosvd_mat_0.mpi
Writing file compressed_baryon_density/sthosvd_mat_1.mpi
Writing file compressed_baryon_density/sthosvd_mat_2.mpi
Time to write factorization: 3.29984e-02 s
Maximum local memory usage: 1.00691e+02 MB
