
CommandNotFoundError: Your shell has not been properly configured to use 'conda activate'.
To initialize your shell, run

    $ conda init <SHELL_NAME>

Currently supported shells are:
  - bash
  - fish
  - tcsh
  - xonsh
  - zsh
  - powershell

See 'conda init --help' for more information and options.

IMPORTANT: You may need to close and restart your shell after running 'conda init'.


Processor grid dimensions do not multiply to nprocs
--------------------------------------------------------------------------
MPI_ABORT was invoked on rank 16 in communicator MPI_COMM_WORLD
with errorcode 1.

NOTE: invoking MPI_ABORT causes Open MPI to kill all MPI processes.
You may or may not see output from other processes, depending on
exactly when Open MPI kills them.
--------------------------------------------------------------------------
[c101-011.frontera.tacc.utexas.edu:154575] 31 more processes have sent help message help-mpi-api.txt / mpi-abort
[c101-011.frontera.tacc.utexas.edu:154575] Set MCA parameter "orte_base_help_aggregate" to 0 to see all help / error messages
